[live] source=C:/Users/PC/OneDrive/Documents/code/Star Tracker/cache/FVIDEO/starstar.mp4 fov=17.75 scale=1.0  (Ctrl+C to stop)
[live] FOV self-calibration from seed 17.75; will lock after 2 agreeing solves
frame    1 | self-calibration found no solve; retrying next frame
frame    2 | self-calibration found no solve; retrying next frame
frame    3 | self-calibration found no solve; retrying next frame
frame    4 | self-calibration found no solve; retrying next frame
frame    5 | self-calibration found no solve; retrying next frame
frame    6 | self-calibration found no solve; retrying next frame
frame    7 | self-calibration found no solve; retrying next frame
frame    8 | self-calibration found no solve; retrying next frame
frame    9 | self-calibration found no solve; retrying next frame
frame   10 | self-calibration found no solve; retrying next frame
frame   11 | self-calibration found no solve; retrying next frame
frame   12 | self-calibration found no solve; retrying next frame
frame   13 | self-calibration found no solve; retrying next frame
frame   14 | self-calibration found no solve; retrying next frame
frame   15 | self-calibration found no solve; retrying next frame
frame   16 | self-calibration found no solve; retrying next frame
frame   17 | self-calibration found no solve; retrying next frame
frame   18 | self-calibration found no solve; retrying next frame
frame   19 | self-calibration found no solve; retrying next frame
frame   20 | self-calibration found no solve; retrying next frame
frame   21 | self-calibration found no solve; retrying next frame
frame   22 | self-calibration found no solve; retrying next frame
frame   23 | self-calibration found no solve; retrying next frame
frame   24 | self-calibration found no solve; retrying next frame
frame   25 | self-calibration found no solve; retrying next frame
frame   26 | self-calibration found no solve; retrying next frame
frame   27 | self-calibration found no solve; retrying next frame
frame   28 | self-calibration found no solve; retrying next frame
frame   29 | self-calibration found no solve; retrying next frame
frame   30 | self-calibration found no solve; retrying next frame
frame   31 | self-calibration found no solve; retrying next frame
frame   32 | self-calibration found no solve; retrying next frame
frame   33 | self-calibration found no solve; retrying next frame
frame   34 | self-calibration found no solve; retrying next frame
frame   35 | self-calibration found no solve; retrying next frame
frame   36 | self-calibration found no solve; retrying next frame
frame   37 | self-calibration found no solve; retrying next frame
frame   38 | self-calibration found no solve; retrying next frame
frame   39 | self-calibration found no solve; retrying next frame
frame   40 | self-calibration found no solve; retrying next frame
frame   41 | self-calibration found no solve; retrying next frame
frame   42 | self-calibration found no solve; retrying next frame
frame   43 | self-calibration found no solve; retrying next frame
frame   44 | self-calibration found no solve; retrying next frame
frame   45 | self-calibration found no solve; retrying next frame
frame   46 | self-calibration found no solve; retrying next frame
frame   47 | self-calibration found no solve; retrying next frame
frame   48 | self-calibration found no solve; retrying next frame
frame   49 | self-calibration found no solve; retrying next frame
frame   50 | self-calibration found no solve; retrying next frame
frame   51 | self-calibration found no solve; retrying next frame
frame   52 | self-calibration found no solve; retrying next frame
frame   53 | self-calibration found no solve; retrying next frame
frame   54 | self-calibration found no solve; retrying next frame
frame   55 | self-calibration found no solve; retrying next frame
frame   56 | self-calibration found no solve; retrying next frame
frame   57 | self-calibration found no solve; retrying next frame
frame   58 | self-calibration found no solve; retrying next frame
frame   59 | self-calibration found no solve; retrying next frame
frame   60 | self-calibration found no solve; retrying next frame
frame   61 | self-calibration found no solve; retrying next frame
frame   62 | self-calibration found no solve; retrying next frame
frame   63 | self-calibration found no solve; retrying next frame
frame   64 | self-calibration found no solve; retrying next frame
frame   65 | self-calibration found no solve; retrying next frame
frame   66 | self-calibration found no solve; retrying next frame
frame   67 | self-calibration found no solve; retrying next frame
frame   68 | self-calibration found no solve; retrying next frame
frame   69 | self-calibration found no solve; retrying next frame
frame   70 | self-calibration found no solve; retrying next frame
frame   71 | self-calibration found no solve; retrying next frame
frame   72 | self-calibration found no solve; retrying next frame
frame   73 | self-calibration found no solve; retrying next frame
frame   74 | calibrating... (1/2 agree)
[live] locked FOV = 14.649 deg (confirmed 2 frames)
frame   75 | t=   1.23s | RA= 353.981  DEC= -18.238  ROLL= 121.766  Q=(0.5545,0.1805,-0.7899,0.1898)   (2.3 fps)
frame   76 | t=   1.62s | RA= 353.992  DEC= -18.232  ROLL= 121.674  Q=(0.5547,0.1800,-0.7900,0.1893)   (2.6 fps)
frame   77 | t=   1.78s | RA= 353.992  DEC= -18.232  ROLL= 121.674  Q=(0.5547,0.1800,-0.7900,0.1893)   (6.1 fps)
frame   78 | t=   1.99s | RA= 353.992  DEC= -18.232  ROLL= 121.674  Q=(0.5547,0.1800,-0.7900,0.1893)   (4.8 fps)
frame   79 | t=   2.20s | RA= 353.992  DEC= -18.232  ROLL= 121.674  Q=(0.5547,0.1800,-0.7900,0.1893)   (4.7 fps)
frame   80 | t=   2.41s | RA= 353.981  DEC= -18.244  ROLL= 121.830  Q=(0.5544,0.1810,-0.7898,0.1901)   (4.7 fps)
frame   81 | t=   2.60s | RA= 353.981  DEC= -18.244  ROLL= 121.830  Q=(0.5544,0.1810,-0.7898,0.1901)   (5.4 fps)
frame   82 | t=   2.80s | RA= 353.992  DEC= -18.232  ROLL= 121.674  Q=(0.5547,0.1800,-0.7900,0.1893)   (4.9 fps)
frame   83 | t=   3.01s | RA= 353.993  DEC= -18.235  ROLL= 121.524  Q=(0.5550,0.1789,-0.7902,0.1886)   (4.9 fps)
frame   84 | t=   3.17s | RA= 353.993  DEC= -18.235  ROLL= 121.524  Q=(0.5550,0.1789,-0.7902,0.1886)   (6.0 fps)
frame   85 | t=   3.34s | RA= 353.993  DEC= -18.235  ROLL= 121.524  Q=(0.5550,0.1789,-0.7902,0.1886)   (6.2 fps)
frame   86 | t=   3.48s | RA= 353.992  DEC= -18.232  ROLL= 121.674  Q=(0.5547,0.1800,-0.7900,0.1893)   (6.8 fps)
frame   87 | t=   3.62s | RA= 353.981  DEC= -18.244  ROLL= 121.830  Q=(0.5544,0.1810,-0.7898,0.1901)   (7.1 fps)
frame   88 | t=   3.79s | RA= 353.981  DEC= -18.244  ROLL= 121.830  Q=(0.5544,0.1810,-0.7898,0.1901)   (5.9 fps)
frame   89 | t=   3.96s | RA= 354.000  DEC= -18.261  ROLL= 121.528  Q=(0.5548,0.1790,-0.7903,0.1885)   (6.0 fps)
frame   90 | t=   4.20s | RA= 353.999  DEC= -18.258  ROLL= 121.673  Q=(0.5546,0.1800,-0.7901,0.1892)   (4.2 fps)
frame   91 | t=   4.44s | RA= 353.999  DEC= -18.258  ROLL= 121.673  Q=(0.5546,0.1800,-0.7901,0.1892)   (4.0 fps)
frame   92 | t=   4.67s | RA= 353.999  DEC= -18.258  ROLL= 121.673  Q=(0.5546,0.1800,-0.7901,0.1892)   (4.4 fps)
frame   93 | t=   4.87s | RA= 353.999  DEC= -18.258  ROLL= 121.673  Q=(0.5546,0.1800,-0.7901,0.1892)   (5.0 fps)
frame   94 | t=   5.09s | RA= 353.997  DEC= -18.254  ROLL= 121.825  Q=(0.5544,0.1811,-0.7898,0.1899)   (4.6 fps)
frame   95 | t=   5.30s | RA= 353.999  DEC= -18.258  ROLL= 121.673  Q=(0.5546,0.1800,-0.7901,0.1892)   (4.6 fps)
frame   96 | t=   5.53s | RA= 353.999  DEC= -18.258  ROLL= 121.673  Q=(0.5546,0.1800,-0.7901,0.1892)   (4.4 fps)
frame   97 | t=   5.76s | RA= 353.976  DEC= -18.232  ROLL= 122.152  Q=(0.5539,0.1831,-0.7892,0.1917)   (4.3 fps)
frame   98 | t=   6.07s | RA= 353.976  DEC= -18.232  ROLL= 122.152  Q=(0.5539,0.1831,-0.7892,0.1917)   (3.3 fps)
frame   99 | t=   6.42s | RA= 353.976  DEC= -18.232  ROLL= 122.152  Q=(0.5539,0.1831,-0.7892,0.1917)   (2.8 fps)
frame  100 | t=   6.78s | RA= 353.976  DEC= -18.232  ROLL= 122.152  Q=(0.5539,0.1831,-0.7892,0.1917)   (2.8 fps)
frame  101 | t=   7.16s | RA= 353.976  DEC= -18.232  ROLL= 122.152  Q=(0.5539,0.1831,-0.7892,0.1917)   (2.7 fps)
frame  102 | t=   7.54s | RA= 353.976  DEC= -18.232  ROLL= 122.152  Q=(0.5539,0.1831,-0.7892,0.1917)   (2.6 fps)
frame  103 | t=   7.91s | RA= 353.976  DEC= -18.232  ROLL= 122.152  Q=(0.5539,0.1831,-0.7892,0.1917)   (2.7 fps)
frame  104 | t=   8.24s | RA= 353.976  DEC= -18.232  ROLL= 122.152  Q=(0.5539,0.1831,-0.7892,0.1917)   (3.0 fps)
frame  105 | t=   8.56s | RA= 353.976  DEC= -18.232  ROLL= 122.152  Q=(0.5539,0.1831,-0.7892,0.1917)   (3.2 fps)
frame  106 | t=   8.88s | RA= 354.010  DEC= -18.264  ROLL= 121.759  Q=(0.5544,0.1807,-0.7900,0.1895)   (3.2 fps)
frame  107 | t=   9.14s | RA= 354.010  DEC= -18.264  ROLL= 121.759  Q=(0.5544,0.1807,-0.7900,0.1895)   (3.8 fps)
frame  108 | t=   9.48s | RA= 354.010  DEC= -18.264  ROLL= 121.759  Q=(0.5544,0.1807,-0.7900,0.1895)   (2.9 fps)
frame  109 | t=   9.92s | RA= 354.010  DEC= -18.264  ROLL= 121.759  Q=(0.5544,0.1807,-0.7900,0.1895)   (2.3 fps)
frame  110 | t=  10.35s | RA= 354.010  DEC= -18.264  ROLL= 121.759  Q=(0.5544,0.1807,-0.7900,0.1895)   (2.3 fps)
frame  111 | t=  10.78s | RA= 354.010  DEC= -18.264  ROLL= 121.759  Q=(0.5544,0.1807,-0.7900,0.1895)   (2.3 fps)
frame  112 | t=  11.22s | RA= 354.010  DEC= -18.264  ROLL= 121.759  Q=(0.5544,0.1807,-0.7900,0.1895)   (2.3 fps)
frame  113 | t=  11.72s | RA= 354.010  DEC= -18.264  ROLL= 121.759  Q=(0.5544,0.1807,-0.7900,0.1895)   (2.0 fps)
frame  114 | t=  12.16s | RA= 354.010  DEC= -18.264  ROLL= 121.759  Q=(0.5544,0.1807,-0.7900,0.1895)   (2.3 fps)
frame  115 | t=  12.59s | RA= 354.010  DEC= -18.264  ROLL= 121.759  Q=(0.5544,0.1807,-0.7900,0.1895)   (2.3 fps)
frame  116 | t=  13.02s | RA= 354.010  DEC= -18.264  ROLL= 121.759  Q=(0.5544,0.1807,-0.7900,0.1895)   (2.3 fps)
frame  117 | t=  13.50s | RA= 354.010  DEC= -18.264  ROLL= 121.759  Q=(0.5544,0.1807,-0.7900,0.1895)   (2.1 fps)
frame  118 | t=  13.96s | RA= 354.010  DEC= -18.264  ROLL= 121.759  Q=(0.5544,0.1807,-0.7900,0.1895)   (2.2 fps)
frame  119 | t=  14.43s | RA= 354.010  DEC= -18.264  ROLL= 121.759  Q=(0.5544,0.1807,-0.7900,0.1895)   (2.1 fps)
frame  120 | t=  14.91s | RA= 354.010  DEC= -18.264  ROLL= 121.759  Q=(0.5544,0.1807,-0.7900,0.1895)   (2.1 fps)
frame  121 | t=  15.36s | RA= 354.027  DEC= -18.274  ROLL= 121.755  Q=(0.5544,0.1808,-0.7900,0.1894)   (2.2 fps)
frame  122 | t=  15.76s | RA= 354.027  DEC= -18.274  ROLL= 121.755  Q=(0.5544,0.1808,-0.7900,0.1894)   (2.5 fps)
frame  123 | t=  16.21s | RA= 354.027  DEC= -18.274  ROLL= 121.755  Q=(0.5544,0.1808,-0.7900,0.1894)   (2.2 fps)
frame  124 | t=  16.65s | RA= 354.027  DEC= -18.274  ROLL= 121.755  Q=(0.5544,0.1808,-0.7900,0.1894)   (2.2 fps)
frame  125 | t=  17.10s | RA= 354.027  DEC= -18.274  ROLL= 121.755  Q=(0.5544,0.1808,-0.7900,0.1894)   (2.2 fps)
frame  126 | t=  17.57s | RA= 354.027  DEC= -18.274  ROLL= 121.755  Q=(0.5544,0.1808,-0.7900,0.1894)   (2.1 fps)
frame  127 | t=  18.03s | RA= 354.027  DEC= -18.274  ROLL= 121.755  Q=(0.5544,0.1808,-0.7900,0.1894)   (2.2 fps)
frame  128 | t=  18.46s | RA= 354.027  DEC= -18.274  ROLL= 121.755  Q=(0.5544,0.1808,-0.7900,0.1894)   (2.4 fps)
frame  129 | t=  18.87s | RA= 354.027  DEC= -18.274  ROLL= 121.755  Q=(0.5544,0.1808,-0.7900,0.1894)   (2.4 fps)
frame  130 | t=  19.33s | RA= 354.027  DEC= -18.274  ROLL= 121.755  Q=(0.5544,0.1808,-0.7900,0.1894)   (2.2 fps)
frame  131 | t=  19.78s | RA= 354.027  DEC= -18.274  ROLL= 121.755  Q=(0.5544,0.1808,-0.7900,0.1894)   (2.2 fps)
frame  132 | t=  20.24s | RA= 354.038  DEC= -18.278  ROLL= 121.589  Q=(0.5546,0.1797,-0.7903,0.1886)   (2.2 fps)
frame  133 | t=  20.68s | RA= 354.038  DEC= -18.278  ROLL= 121.589  Q=(0.5546,0.1797,-0.7903,0.1886)   (2.3 fps)
frame  134 | t=  21.12s | RA= 354.032  DEC= -18.279  ROLL= 121.926  Q=(0.5541,0.1820,-0.7897,0.1902)   (2.3 fps)
frame  135 | t=  21.56s | RA= 354.044  DEC= -18.283  ROLL= 121.751  Q=(0.5544,0.1809,-0.7900,0.1893)   (2.3 fps)
frame  136 | t=  21.94s | RA= 354.044  DEC= -18.283  ROLL= 121.751  Q=(0.5544,0.1809,-0.7900,0.1893)   (2.6 fps)
frame  137 | t=  22.32s | RA= 354.044  DEC= -18.283  ROLL= 121.751  Q=(0.5544,0.1809,-0.7900,0.1893)   (2.6 fps)
frame  138 | t=  22.74s | RA= 354.044  DEC= -18.283  ROLL= 121.751  Q=(0.5544,0.1809,-0.7900,0.1893)   (2.4 fps)
frame  139 | t=  23.15s | RA= 354.044  DEC= -18.283  ROLL= 121.751  Q=(0.5544,0.1809,-0.7900,0.1893)   (2.4 fps)
frame  140 | t=  23.59s | RA= 354.044  DEC= -18.283  ROLL= 121.751  Q=(0.5544,0.1809,-0.7900,0.1893)   (2.3 fps)
frame  141 | t=  24.01s | RA= 354.044  DEC= -18.283  ROLL= 121.751  Q=(0.5544,0.1809,-0.7900,0.1893)   (2.4 fps)
frame  142 | t=  24.42s | RA= 354.044  DEC= -18.283  ROLL= 121.751  Q=(0.5544,0.1809,-0.7900,0.1893)   (2.4 fps)
frame  143 | t=  24.86s | RA= 354.044  DEC= -18.283  ROLL= 121.751  Q=(0.5544,0.1809,-0.7900,0.1893)   (2.3 fps)
frame  144 | t=  25.29s | RA= 354.044  DEC= -18.283  ROLL= 121.751  Q=(0.5544,0.1809,-0.7900,0.1893)   (2.4 fps)
frame  145 | t=  25.74s | RA= 354.044  DEC= -18.283  ROLL= 121.751  Q=(0.5544,0.1809,-0.7900,0.1893)   (2.2 fps)
frame  146 | t=  26.19s | RA= 354.044  DEC= -18.283  ROLL= 121.751  Q=(0.5544,0.1809,-0.7900,0.1893)   (2.2 fps)
frame  147 | t=  26.59s | NULL (hold) RA= 354.044  DEC= -18.283  ROLL= 121.751   (2.5 fps)
frame  148 | t=  27.09s | NULL (hold) RA= 354.044  DEC= -18.283  ROLL= 121.751   (2.0 fps)
frame  149 | t=  27.57s | RA= 354.060  DEC= -18.293  ROLL= 121.747  Q=(0.5543,0.1810,-0.7901,0.1892)   (2.0 fps)
frame  150 | t=  27.98s | RA= 354.060  DEC= -18.293  ROLL= 121.747  Q=(0.5543,0.1810,-0.7901,0.1892)   (2.5 fps)
frame  151 | t=  28.45s | RA= 354.060  DEC= -18.293  ROLL= 121.747  Q=(0.5543,0.1810,-0.7901,0.1892)   (2.1 fps)
frame  152 | t=  28.87s | RA= 354.060  DEC= -18.293  ROLL= 121.747  Q=(0.5543,0.1810,-0.7901,0.1892)   (2.4 fps)
frame  153 | t=  29.24s | RA= 354.060  DEC= -18.293  ROLL= 121.747  Q=(0.5543,0.1810,-0.7901,0.1892)   (2.7 fps)
frame  154 | t=  29.61s | RA= 354.060  DEC= -18.293  ROLL= 121.747  Q=(0.5543,0.1810,-0.7901,0.1892)   (2.7 fps)
frame  155 | t=  30.02s | RA= 354.060  DEC= -18.293  ROLL= 121.747  Q=(0.5543,0.1810,-0.7901,0.1892)   (2.4 fps)
frame  156 | t=  30.43s | RA= 354.060  DEC= -18.293  ROLL= 121.747  Q=(0.5543,0.1810,-0.7901,0.1892)   (2.4 fps)
frame  157 | t=  30.84s | RA= 354.060  DEC= -18.293  ROLL= 121.747  Q=(0.5543,0.1810,-0.7901,0.1892)   (2.4 fps)
frame  158 | t=  31.22s | RA= 354.060  DEC= -18.293  ROLL= 121.747  Q=(0.5543,0.1810,-0.7901,0.1892)   (2.6 fps)
frame  159 | t=  31.58s | RA= 354.033  DEC= -18.288  ROLL= 122.138  Q=(0.5537,0.1835,-0.7894,0.1912)   (2.8 fps)
frame  160 | t=  32.03s | RA= 354.033  DEC= -18.288  ROLL= 122.138  Q=(0.5537,0.1835,-0.7894,0.1912)   (2.2 fps)
frame  161 | t=  32.48s | RA= 354.033  DEC= -18.288  ROLL= 122.138  Q=(0.5537,0.1835,-0.7894,0.1912)   (2.2 fps)
frame  162 | t=  32.97s | RA= 354.033  DEC= -18.288  ROLL= 122.138  Q=(0.5537,0.1835,-0.7894,0.1912)   (2.0 fps)
frame  163 | t=  33.45s | NULL (hold) RA= 354.033  DEC= -18.288  ROLL= 122.138   (2.1 fps)
frame  164 | t=  33.92s | NULL (hold) RA= 354.033  DEC= -18.288  ROLL= 122.138   (2.1 fps)
frame  165 | t=  34.38s | NULL (hold) RA= 354.033  DEC= -18.288  ROLL= 122.138   (2.2 fps)
frame  166 | t=  34.90s | NULL (hold) RA= 354.033  DEC= -18.288  ROLL= 122.138   (1.9 fps)
frame  167 | t=  35.40s | NULL (hold) RA= 354.033  DEC= -18.288  ROLL= 122.138   (2.0 fps)
frame  168 | t=  35.88s | RA= 354.050  DEC= -18.298  ROLL= 122.133  Q=(0.5536,0.1836,-0.7895,0.1911)   (2.1 fps)
frame  169 | t=  36.35s | RA= 354.050  DEC= -18.298  ROLL= 122.133  Q=(0.5536,0.1836,-0.7895,0.1911)   (2.1 fps)
frame  170 | t=  36.81s | RA= 354.050  DEC= -18.298  ROLL= 122.133  Q=(0.5536,0.1836,-0.7895,0.1911)   (2.2 fps)
frame  171 | t=  37.33s | RA= 354.050  DEC= -18.298  ROLL= 122.133  Q=(0.5536,0.1836,-0.7895,0.1911)   (1.9 fps)
frame  172 | t=  37.83s | RA= 354.050  DEC= -18.298  ROLL= 122.133  Q=(0.5536,0.1836,-0.7895,0.1911)   (2.0 fps)
frame  173 | t=  38.34s | RA= 354.050  DEC= -18.298  ROLL= 122.133  Q=(0.5536,0.1836,-0.7895,0.1911)   (2.0 fps)
frame  174 | t=  38.82s | RA= 354.050  DEC= -18.298  ROLL= 122.133  Q=(0.5536,0.1836,-0.7895,0.1911)   (2.1 fps)
frame  175 | t=  39.20s | RA= 354.050  DEC= -18.298  ROLL= 122.133  Q=(0.5536,0.1836,-0.7895,0.1911)   (2.6 fps)
frame  176 | t=  39.52s | RA= 354.050  DEC= -18.298  ROLL= 122.133  Q=(0.5536,0.1836,-0.7895,0.1911)   (3.2 fps)
frame  177 | t=  39.83s | RA= 354.050  DEC= -18.298  ROLL= 122.133  Q=(0.5536,0.1836,-0.7895,0.1911)   (3.2 fps)
frame  178 | t=  40.13s | NULL (hold) RA= 354.050  DEC= -18.298  ROLL= 122.133   (3.3 fps)
frame  179 | t=  40.43s | NULL (hold) RA= 354.050  DEC= -18.298  ROLL= 122.133   (3.4 fps)
frame  180 | t=  40.77s | RA= 354.077  DEC= -18.328  ROLL= 121.853  Q=(0.5539,0.1819,-0.7900,0.1895)   (2.9 fps)
frame  181 | t=  41.05s | RA= 354.056  DEC= -18.324  ROLL= 122.132  Q=(0.5535,0.1837,-0.7896,0.1910)   (3.5 fps)
frame  182 | t=  41.34s | RA= 354.056  DEC= -18.324  ROLL= 122.132  Q=(0.5535,0.1837,-0.7896,0.1910)   (3.4 fps)
frame  183 | t=  41.65s | NULL (hold) RA= 354.056  DEC= -18.324  ROLL= 122.132   (3.3 fps)
frame  184 | t=  41.95s | NULL (hold) RA= 354.056  DEC= -18.324  ROLL= 122.132   (3.3 fps)
frame  185 | t=  42.26s | NULL (hold) RA= 354.056  DEC= -18.324  ROLL= 122.132   (3.2 fps)
frame  186 | t=  42.58s | NULL (hold) RA= 354.056  DEC= -18.324  ROLL= 122.132   (3.2 fps)
frame  187 | t=  42.87s | NULL (hold) RA= 354.056  DEC= -18.324  ROLL= 122.132   (3.4 fps)
frame  188 | t=  43.16s | RA= 354.056  DEC= -18.324  ROLL= 122.132  Q=(0.5535,0.1837,-0.7896,0.1910)   (3.5 fps)
frame  189 | t=  43.45s | RA= 354.056  DEC= -18.324  ROLL= 122.132  Q=(0.5535,0.1837,-0.7896,0.1910)   (3.5 fps)
frame  190 | t=  43.74s | RA= 354.056  DEC= -18.324  ROLL= 122.132  Q=(0.5535,0.1837,-0.7896,0.1910)   (3.4 fps)
frame  191 | t=  44.04s | NULL (hold) RA= 354.056  DEC= -18.324  ROLL= 122.132   (3.3 fps)
frame  192 | t=  44.33s | NULL (hold) RA= 354.056  DEC= -18.324  ROLL= 122.132   (3.4 fps)
frame  193 | t=  44.61s | NULL (hold) RA= 354.056  DEC= -18.324  ROLL= 122.132   (3.6 fps)
frame  194 | t=  44.91s | NULL (hold) RA= 354.056  DEC= -18.324  ROLL= 122.132   (3.4 fps)
frame  195 | t=  45.23s | RA= 354.073  DEC= -18.334  ROLL= 122.128  Q=(0.5534,0.1838,-0.7896,0.1909)   (3.1 fps)
frame  196 | t=  45.50s | RA= 354.073  DEC= -18.334  ROLL= 122.128  Q=(0.5534,0.1838,-0.7896,0.1909)   (3.6 fps)
frame  197 | t=  45.82s | RA= 354.073  DEC= -18.334  ROLL= 122.128  Q=(0.5534,0.1838,-0.7896,0.1909)   (3.1 fps)
frame  198 | t=  46.12s | RA= 354.073  DEC= -18.334  ROLL= 122.128  Q=(0.5534,0.1838,-0.7896,0.1909)   (3.3 fps)
frame  199 | t=  46.42s | RA= 354.073  DEC= -18.334  ROLL= 122.128  Q=(0.5534,0.1838,-0.7896,0.1909)   (3.3 fps)
frame  200 | t=  46.70s | RA= 354.073  DEC= -18.334  ROLL= 122.128  Q=(0.5534,0.1838,-0.7896,0.1909)   (3.6 fps)
frame  201 | t=  46.99s | RA= 354.101  DEC= -18.339  ROLL= 121.739  Q=(0.5541,0.1813,-0.7902,0.1888)   (3.5 fps)
frame  202 | t=  47.24s | RA= 354.101  DEC= -18.339  ROLL= 121.739  Q=(0.5541,0.1813,-0.7902,0.1888)   (4.0 fps)
frame  203 | t=  47.47s | RA= 354.073  DEC= -18.334  ROLL= 122.128  Q=(0.5534,0.1838,-0.7896,0.1909)   (4.3 fps)
frame  204 | t=  47.79s | RA= 354.073  DEC= -18.334  ROLL= 122.128  Q=(0.5534,0.1838,-0.7896,0.1909)   (3.1 fps)
frame  205 | t=  48.13s | RA= 354.073  DEC= -18.334  ROLL= 122.128  Q=(0.5534,0.1838,-0.7896,0.1909)   (3.0 fps)
frame  206 | t=  48.44s | NULL (hold) RA= 354.073  DEC= -18.334  ROLL= 122.128   (3.2 fps)
frame  207 | t=  48.84s | NULL (hold) RA= 354.073  DEC= -18.334  ROLL= 122.128   (2.5 fps)
frame  208 | t=  49.17s | NULL (hold) RA= 354.073  DEC= -18.334  ROLL= 122.128   (3.0 fps)
frame  209 | t=  49.48s | NULL (hold) RA= 354.073  DEC= -18.334  ROLL= 122.128   (3.2 fps)
frame  210 | t=  49.80s | NULL (hold) RA= 354.073  DEC= -18.334  ROLL= 122.128   (3.1 fps)
frame  211 | t=  50.11s | RA= 354.090  DEC= -18.344  ROLL= 122.123  Q=(0.5534,0.1839,-0.7897,0.1907)   (3.3 fps)
frame  212 | t=  50.40s | RA= 354.090  DEC= -18.344  ROLL= 122.123  Q=(0.5534,0.1839,-0.7897,0.1907)   (3.3 fps)
frame  213 | t=  50.69s | RA= 354.118  DEC= -18.349  ROLL= 121.735  Q=(0.5541,0.1814,-0.7903,0.1887)   (3.4 fps)
frame  214 | t=  50.98s | RA= 354.118  DEC= -18.349  ROLL= 121.735  Q=(0.5541,0.1814,-0.7903,0.1887)   (3.5 fps)
frame  215 | t=  51.28s | RA= 354.118  DEC= -18.349  ROLL= 121.735  Q=(0.5541,0.1814,-0.7903,0.1887)   (3.3 fps)
frame  216 | t=  51.55s | RA= 354.118  DEC= -18.349  ROLL= 121.735  Q=(0.5541,0.1814,-0.7903,0.1887)   (3.7 fps)
frame  217 | t=  51.84s | RA= 354.118  DEC= -18.349  ROLL= 121.735  Q=(0.5541,0.1814,-0.7903,0.1887)   (3.5 fps)
frame  218 | t=  52.15s | RA= 354.090  DEC= -18.344  ROLL= 122.123  Q=(0.5534,0.1839,-0.7897,0.1907)   (3.2 fps)
frame  219 | t=  52.47s | RA= 354.090  DEC= -18.344  ROLL= 122.123  Q=(0.5534,0.1839,-0.7897,0.1907)   (3.1 fps)
frame  220 | t=  52.77s | RA= 354.077  DEC= -18.349  ROLL= 122.520  Q=(0.5527,0.1865,-0.7891,0.1927)   (3.3 fps)
frame  221 | t=  53.05s | RA= 354.077  DEC= -18.349  ROLL= 122.520  Q=(0.5527,0.1865,-0.7891,0.1927)   (3.6 fps)
frame  222 | t=  53.36s | RA= 354.077  DEC= -18.349  ROLL= 122.520  Q=(0.5527,0.1865,-0.7891,0.1927)   (3.2 fps)
frame  223 | t=  53.65s | RA= 354.077  DEC= -18.349  ROLL= 122.520  Q=(0.5527,0.1865,-0.7891,0.1927)   (3.5 fps)
frame  224 | t=  53.94s | RA= 354.077  DEC= -18.349  ROLL= 122.520  Q=(0.5527,0.1865,-0.7891,0.1927)   (3.5 fps)
frame  225 | t=  54.23s | RA= 354.077  DEC= -18.349  ROLL= 122.520  Q=(0.5527,0.1865,-0.7891,0.1927)   (3.5 fps)
frame  226 | t=  54.50s | RA= 354.107  DEC= -18.354  ROLL= 122.119  Q=(0.5534,0.1839,-0.7897,0.1906)   (3.7 fps)
frame  227 | t=  54.77s | RA= 354.107  DEC= -18.354  ROLL= 122.119  Q=(0.5534,0.1839,-0.7897,0.1906)   (3.7 fps)
frame  228 | t=  55.06s | RA= 354.107  DEC= -18.354  ROLL= 122.119  Q=(0.5534,0.1839,-0.7897,0.1906)   (3.4 fps)
frame  229 | t=  55.36s | RA= 354.107  DEC= -18.354  ROLL= 122.119  Q=(0.5534,0.1839,-0.7897,0.1906)   (3.4 fps)
frame  230 | t=  55.63s | RA= 354.107  DEC= -18.354  ROLL= 122.119  Q=(0.5534,0.1839,-0.7897,0.1906)   (3.6 fps)
frame  231 | t=  55.91s | RA= 354.107  DEC= -18.354  ROLL= 122.119  Q=(0.5534,0.1839,-0.7897,0.1906)   (3.6 fps)
frame  232 | t=  56.19s | RA= 354.107  DEC= -18.354  ROLL= 122.119  Q=(0.5534,0.1839,-0.7897,0.1906)   (3.7 fps)
frame  233 | t=  56.50s | RA= 354.107  DEC= -18.354  ROLL= 122.119  Q=(0.5534,0.1839,-0.7897,0.1906)   (3.2 fps)
frame  234 | t=  56.78s | RA= 354.107  DEC= -18.354  ROLL= 122.119  Q=(0.5534,0.1839,-0.7897,0.1906)   (3.5 fps)
frame  235 | t=  57.07s | RA= 354.094  DEC= -18.359  ROLL= 122.515  Q=(0.5527,0.1866,-0.7891,0.1926)   (3.5 fps)
frame  236 | t=  57.36s | RA= 354.094  DEC= -18.359  ROLL= 122.515  Q=(0.5527,0.1866,-0.7891,0.1926)   (3.4 fps)
frame  237 | t=  57.64s | RA= 354.094  DEC= -18.359  ROLL= 122.515  Q=(0.5527,0.1866,-0.7891,0.1926)   (3.6 fps)
frame  238 | t=  57.92s | RA= 354.094  DEC= -18.359  ROLL= 122.515  Q=(0.5527,0.1866,-0.7891,0.1926)   (3.6 fps)
frame  239 | t=  58.20s | RA= 354.094  DEC= -18.359  ROLL= 122.515  Q=(0.5527,0.1866,-0.7891,0.1926)   (3.5 fps)
frame  240 | t=  58.50s | RA= 354.124  DEC= -18.364  ROLL= 122.114  Q=(0.5533,0.1840,-0.7897,0.1905)   (3.3 fps)
frame  241 | t=  58.80s | RA= 354.124  DEC= -18.364  ROLL= 122.114  Q=(0.5533,0.1840,-0.7897,0.1905)   (3.3 fps)
frame  242 | t=  59.09s | RA= 354.124  DEC= -18.364  ROLL= 122.114  Q=(0.5533,0.1840,-0.7897,0.1905)   (3.5 fps)
frame  243 | t=  59.36s | RA= 354.124  DEC= -18.364  ROLL= 122.114  Q=(0.5533,0.1840,-0.7897,0.1905)   (3.6 fps)
frame  244 | t=  59.66s | RA= 354.124  DEC= -18.364  ROLL= 122.114  Q=(0.5533,0.1840,-0.7897,0.1905)   (3.4 fps)
frame  245 | t=  59.94s | RA= 354.124  DEC= -18.364  ROLL= 122.114  Q=(0.5533,0.1840,-0.7897,0.1905)   (3.5 fps)
frame  246 | t=  60.23s | RA= 354.124  DEC= -18.364  ROLL= 122.114  Q=(0.5533,0.1840,-0.7897,0.1905)   (3.4 fps)
frame  247 | t=  60.54s | RA= 354.124  DEC= -18.364  ROLL= 122.114  Q=(0.5533,0.1840,-0.7897,0.1905)   (3.2 fps)
frame  248 | t=  60.87s | RA= 354.124  DEC= -18.364  ROLL= 122.114  Q=(0.5533,0.1840,-0.7897,0.1905)   (3.1 fps)
frame  249 | t=  61.16s | RA= 354.124  DEC= -18.364  ROLL= 122.114  Q=(0.5533,0.1840,-0.7897,0.1905)   (3.4 fps)
frame  250 | t=  61.46s | NULL (hold) RA= 354.124  DEC= -18.364  ROLL= 122.114   (3.4 fps)
frame  251 | t=  61.79s | NULL (hold) RA= 354.124  DEC= -18.364  ROLL= 122.114   (3.0 fps)
frame  252 | t=  62.07s | NULL (hold) RA= 354.124  DEC= -18.364  ROLL= 122.114   (3.5 fps)
frame  253 | t=  62.37s | NULL (hold) RA= 354.124  DEC= -18.364  ROLL= 122.114   (3.4 fps)
frame  254 | t=  62.66s | NULL (hold) RA= 354.124  DEC= -18.364  ROLL= 122.114   (3.4 fps)
frame  255 | t=  62.95s | RA= 354.130  DEC= -18.390  ROLL= 122.113  Q=(0.5532,0.1841,-0.7898,0.1904)   (3.4 fps)
frame  256 | t=  63.24s | RA= 354.130  DEC= -18.390  ROLL= 122.113  Q=(0.5532,0.1841,-0.7898,0.1904)   (3.4 fps)
frame  257 | t=  63.52s | RA= 354.130  DEC= -18.390  ROLL= 122.113  Q=(0.5532,0.1841,-0.7898,0.1904)   (3.6 fps)
frame  258 | t=  63.82s | RA= 354.130  DEC= -18.390  ROLL= 122.113  Q=(0.5532,0.1841,-0.7898,0.1904)   (3.3 fps)
frame  259 | t=  64.12s | NULL (hold) RA= 354.130  DEC= -18.390  ROLL= 122.113   (3.4 fps)
frame  260 | t=  64.41s | RA= 354.130  DEC= -18.390  ROLL= 122.113  Q=(0.5532,0.1841,-0.7898,0.1904)   (3.4 fps)
frame  261 | t=  64.71s | RA= 354.130  DEC= -18.390  ROLL= 122.113  Q=(0.5532,0.1841,-0.7898,0.1904)   (3.4 fps)
frame  262 | t=  64.99s | RA= 354.130  DEC= -18.390  ROLL= 122.113  Q=(0.5532,0.1841,-0.7898,0.1904)   (3.5 fps)
frame  263 | t=  65.28s | NULL (hold) RA= 354.130  DEC= -18.390  ROLL= 122.113   (3.5 fps)
frame  264 | t=  65.59s | NULL (hold) RA= 354.130  DEC= -18.390  ROLL= 122.113   (3.2 fps)
frame  265 | t=  65.88s | NULL (hold) RA= 354.130  DEC= -18.390  ROLL= 122.113   (3.5 fps)
frame  266 | t=  66.18s | NULL (hold) RA= 354.130  DEC= -18.390  ROLL= 122.113   (3.3 fps)
frame  267 | t=  66.49s | RA= 354.117  DEC= -18.395  ROLL= 122.510  Q=(0.5525,0.1868,-0.7892,0.1924)   (3.3 fps)
frame  268 | t=  66.78s | RA= 354.117  DEC= -18.395  ROLL= 122.510  Q=(0.5525,0.1868,-0.7892,0.1924)   (3.4 fps)
frame  269 | t=  67.08s | RA= 354.117  DEC= -18.395  ROLL= 122.510  Q=(0.5525,0.1868,-0.7892,0.1924)   (3.3 fps)
[live] source=C:/Users/PC/OneDrive/Documents/code/Star Tracker/cache/FVIDEO/starstar.mp4 fov=5.628 scale=0.5  (Ctrl+C to stop)
frame    1 | t=   0.01s | NULL                                   (72.7 fps)
frame    2 | t=   0.02s | NULL                                   (125.7 fps)
frame    3 | t=   0.03s | NULL                                   (283.9 fps)
frame    4 | t=   0.03s | NULL                                   (384.0 fps)
frame    5 | t=   0.03s | NULL                                   (391.6 fps)
frame    6 | t=   0.03s | NULL                                   (395.8 fps)
frame    7 | t=   0.04s | NULL                                   (323.4 fps)
frame    8 | t=   0.04s | NULL                                   (355.1 fps)
frame    9 | t=   0.04s | NULL                                   (342.0 fps)
frame   10 | t=   0.04s | NULL                                   (387.9 fps)
frame   11 | t=   0.05s | NULL                                   (332.7 fps)
frame   12 | t=   0.05s | NULL                                   (331.9 fps)
frame   13 | t=   0.05s | NULL                                   (373.5 fps)
frame   14 | t=   0.06s | NULL                                   (423.3 fps)
frame   15 | t=   0.06s | NULL                                   (313.5 fps)
frame   16 | t=   0.06s | NULL                                   (664.0 fps)
frame   17 | t=   0.06s | NULL                                   (290.1 fps)
frame   18 | t=   0.07s | NULL                                   (356.5 fps)
frame   19 | t=   0.07s | NULL                                   (332.5 fps)
frame   20 | t=   0.07s | NULL                                   (397.7 fps)
frame   21 | t=   0.07s | NULL                                   (497.8 fps)
frame   22 | t=   0.08s | NULL                                   (397.4 fps)
frame   23 | t=   0.08s | NULL                                   (498.3 fps)
frame   24 | t=   0.08s | NULL                                   (231.6 fps)
frame   25 | t=   0.09s | NULL                                   (211.8 fps)
frame   26 | t=   0.09s | NULL                                   (284.3 fps)
frame   27 | t=   0.09s | NULL                                   (453.2 fps)
frame   28 | t=   0.10s | NULL                                   (476.8 fps)
frame   29 | t=   0.10s | NULL                                   (295.1 fps)
frame   30 | t=   0.10s | NULL                                   (658.7 fps)
frame   31 | t=   0.10s | NULL                                   (357.1 fps)
frame   32 | t=   0.11s | NULL                                   (371.9 fps)
frame   33 | t=   0.11s | NULL                                   (489.0 fps)
frame   34 | t=   0.11s | NULL                                   (269.1 fps)
frame   35 | t=   0.11s | NULL                                   (451.7 fps)
frame   36 | t=   0.12s | NULL                                   (498.6 fps)
frame   37 | t=   0.12s | NULL                                   (320.2 fps)
frame   38 | t=   0.12s | NULL                                   (396.1 fps)
frame   39 | t=   0.12s | NULL                                   (496.2 fps)
frame   40 | t=   0.13s | NULL                                   (330.7 fps)
frame   41 | t=   0.13s | NULL                                   (332.6 fps)
frame   42 | t=   0.13s | NULL                                   (283.0 fps)
frame   43 | t=   0.13s | NULL                                   (1001.7 fps)
frame   44 | t=   0.14s | NULL                                   (284.4 fps)
frame   45 | t=   0.14s | NULL                                   (259.3 fps)
frame   46 | t=   0.14s | NULL                                   (500.1 fps)
frame   47 | t=   0.15s | NULL                                   (283.8 fps)
frame   48 | t=   0.15s | NULL                                   (454.1 fps)
frame   49 | t=   0.15s | NULL                                   (325.0 fps)
frame   50 | t=   0.15s | NULL                                   (397.3 fps)
frame   51 | t=   0.16s | NULL                                   (501.3 fps)
frame   52 | t=   0.16s | NULL                                   (289.2 fps)
frame   53 | t=   0.16s | NULL                                   (393.4 fps)
frame   54 | t=   0.17s | NULL                                   (396.6 fps)
frame   55 | t=   0.17s | NULL                                   (335.2 fps)
frame   56 | t=   0.17s | NULL                                   (497.4 fps)
frame   57 | t=   0.17s | NULL                                   (260.8 fps)
frame   58 | t=   0.18s | NULL                                   (333.6 fps)
frame   59 | t=   0.18s | NULL                                   (603.8 fps)
frame   60 | t=   0.18s | NULL                                   (265.4 fps)
frame   61 | t=   0.18s | NULL                                   (500.1 fps)
frame   62 | t=   0.19s | NULL                                   (326.5 fps)
frame   63 | t=   0.19s | NULL                                   (331.1 fps)
frame   64 | t=   0.19s | NULL                                   (331.7 fps)
frame   65 | t=   0.20s | NULL                                   (397.7 fps)
frame   66 | t=   0.20s | NULL                                   (244.3 fps)
frame   67 | t=   0.20s | NULL                                   (332.5 fps)
frame   68 | t=   0.21s | NULL                                   (481.4 fps)
frame   69 | t=   0.21s | NULL                                   (499.3 fps)
frame   70 | t=   0.21s | NULL                                   (312.4 fps)
frame   71 | t=   0.21s | NULL                                   (385.0 fps)
frame   72 | t=   0.22s | NULL                                   (286.0 fps)
frame   73 | t=   0.22s | NULL                                   (398.1 fps)
frame   74 | t=   0.22s | NULL                                   (325.4 fps)
frame   75 | t=   0.23s | NULL                                   (278.4 fps)
frame   76 | t=   0.23s | NULL                                   (344.3 fps)
frame   77 | t=   0.23s | NULL                                   (275.7 fps)
frame   78 | t=   0.49s | NULL                                   (3.8 fps)
frame   79 | t=   0.51s | NULL                                   (46.5 fps)
frame   80 | t=   0.96s | NULL                                   (2.3 fps)
frame   81 | t=   1.31s | NULL                                   (2.8 fps)
frame   82 | t=   1.68s | NULL                                   (2.7 fps)
frame   83 | t=   2.05s | NULL                                   (2.7 fps)
frame   84 | t=   2.38s | NULL                                   (3.1 fps)
frame   85 | t=   2.72s | NULL                                   (3.0 fps)
frame   86 | t=   3.04s | NULL                                   (3.1 fps)
frame   87 | t=   3.41s | NULL                                   (2.7 fps)
frame   88 | t=   3.74s | NULL                                   (3.0 fps)
frame   89 | t=   4.06s | NULL                                   (3.2 fps)
frame   90 | t=   4.39s | NULL                                   (3.0 fps)
frame   91 | t=   4.76s | NULL                                   (2.7 fps)
frame   92 | t=   5.15s | NULL                                   (2.6 fps)
frame   93 | t=   5.49s | NULL                                   (2.9 fps)
frame   94 | t=   5.89s | NULL                                   (2.5 fps)
frame   95 | t=   6.29s | NULL                                   (2.5 fps)
frame   96 | t=   6.68s | NULL                                   (2.6 fps)
frame   97 | t=   7.03s | NULL                                   (2.9 fps)
frame   98 | t=   7.42s | NULL                                   (2.6 fps)
frame   99 | t=   7.76s | NULL                                   (2.9 fps)
frame  100 | t=   8.13s | NULL                                   (2.7 fps)
frame  101 | t=   8.50s | NULL                                   (2.7 fps)
frame  102 | t=   8.86s | NULL                                   (2.8 fps)
frame  103 | t=   9.21s | NULL                                   (2.8 fps)
frame  104 | t=   9.56s | NULL                                   (2.9 fps)
frame  105 | t=   9.87s | NULL                                   (3.2 fps)
frame  106 | t=  10.17s | NULL                                   (3.3 fps)
[live] source=C:/Users/PC/OneDrive/Documents/code/Star Tracker/cache/FVIDEO/starstar.mp4 fov=5.628 scale=0.5  (Ctrl+C to stop)
[live] FOV self-calibration from seed 5.628; will lock after 2 agreeing solves
frame    1 | self-calibration found no solve; retrying next frame
frame    2 | self-calibration found no solve; retrying next frame
frame    3 | self-calibration found no solve; retrying next frame
frame    4 | self-calibration found no solve; retrying next frame
frame    5 | self-calibration found no solve; retrying next frame
frame    6 | self-calibration found no solve; retrying next frame
frame    7 | self-calibration found no solve; retrying next frame
frame    8 | self-calibration found no solve; retrying next frame
frame    9 | self-calibration found no solve; retrying next frame
frame   10 | self-calibration found no solve; retrying next frame
frame   11 | self-calibration found no solve; retrying next frame
frame   12 | self-calibration found no solve; retrying next frame
frame   13 | self-calibration found no solve; retrying next frame
frame   14 | self-calibration found no solve; retrying next frame
frame   15 | self-calibration found no solve; retrying next frame
frame   16 | self-calibration found no solve; retrying next frame
frame   17 | self-calibration found no solve; retrying next frame
frame   18 | self-calibration found no solve; retrying next frame
frame   19 | self-calibration found no solve; retrying next frame
frame   20 | self-calibration found no solve; retrying next frame
frame   21 | self-calibration found no solve; retrying next frame
frame   22 | self-calibration found no solve; retrying next frame
frame   23 | self-calibration found no solve; retrying next frame
frame   24 | self-calibration found no solve; retrying next frame
frame   25 | self-calibration found no solve; retrying next frame
frame   26 | self-calibration found no solve; retrying next frame
frame   27 | self-calibration found no solve; retrying next frame
frame   28 | self-calibration found no solve; retrying next frame
frame   29 | self-calibration found no solve; retrying next frame
frame   30 | self-calibration found no solve; retrying next frame
frame   31 | self-calibration found no solve; retrying next frame
frame   32 | self-calibration found no solve; retrying next frame
frame   33 | self-calibration found no solve; retrying next frame
frame   34 | self-calibration found no solve; retrying next frame
frame   35 | self-calibration found no solve; retrying next frame
frame   36 | self-calibration found no solve; retrying next frame
frame   37 | self-calibration found no solve; retrying next frame
frame   38 | self-calibration found no solve; retrying next frame
frame   39 | self-calibration found no solve; retrying next frame
frame   40 | self-calibration found no solve; retrying next frame
frame   41 | self-calibration found no solve; retrying next frame
frame   42 | self-calibration found no solve; retrying next frame
frame   43 | self-calibration found no solve; retrying next frame
frame   44 | self-calibration found no solve; retrying next frame
frame   45 | self-calibration found no solve; retrying next frame
frame   46 | self-calibration found no solve; retrying next frame
frame   47 | self-calibration found no solve; retrying next frame
frame   48 | self-calibration found no solve; retrying next frame
frame   49 | self-calibration found no solve; retrying next frame
frame   50 | self-calibration found no solve; retrying next frame
frame   51 | self-calibration found no solve; retrying next frame
frame   52 | self-calibration found no solve; retrying next frame
frame   53 | self-calibration found no solve; retrying next frame
frame   54 | self-calibration found no solve; retrying next frame
frame   55 | self-calibration found no solve; retrying next frame
frame   56 | self-calibration found no solve; retrying next frame
frame   57 | self-calibration found no solve; retrying next frame
frame   58 | self-calibration found no solve; retrying next frame
frame   59 | self-calibration found no solve; retrying next frame
frame   60 | self-calibration found no solve; retrying next frame
frame   61 | self-calibration found no solve; retrying next frame
frame   62 | self-calibration found no solve; retrying next frame
frame   63 | self-calibration found no solve; retrying next frame
frame   64 | self-calibration found no solve; retrying next frame
frame   65 | self-calibration found no solve; retrying next frame
frame   66 | self-calibration found no solve; retrying next frame
frame   67 | self-calibration found no solve; retrying next frame
frame   68 | self-calibration found no solve; retrying next frame
frame   69 | self-calibration found no solve; retrying next frame
frame   70 | self-calibration found no solve; retrying next frame
frame   71 | self-calibration found no solve; retrying next frame
frame   72 | self-calibration found no solve; retrying next frame
frame   73 | self-calibration found no solve; retrying next frame
frame   74 | self-calibration found no solve; retrying next frame
frame   75 | self-calibration found no solve; retrying next frame
frame   76 | self-calibration found no solve; retrying next frame
frame   77 | self-calibration found no solve; retrying next frame
frame   78 | self-calibration found no solve; retrying next frame
frame   79 | self-calibration found no solve; retrying next frame
frame   80 | calibrating... (1/2 agree)
[live] locked FOV = 14.622 deg (confirmed 2 frames)
frame   81 | t=   1.13s | RA= 353.956  DEC= -18.215  ROLL= 122.073  Q=(0.5541,0.1824,-0.7893,0.1914)   (2.3 fps)
frame   82 | t=   1.56s | RA= 353.956  DEC= -18.215  ROLL= 122.073  Q=(0.5541,0.1824,-0.7893,0.1914)   (2.3 fps)
frame   83 | t=   1.85s | RA= 353.956  DEC= -18.215  ROLL= 122.073  Q=(0.5541,0.1824,-0.7893,0.1914)   (3.4 fps)
frame   84 | t=   2.15s | RA= 353.956  DEC= -18.215  ROLL= 122.073  Q=(0.5541,0.1824,-0.7893,0.1914)   (3.4 fps)
frame   85 | t=   2.46s | RA= 353.956  DEC= -18.215  ROLL= 122.073  Q=(0.5541,0.1824,-0.7893,0.1914)   (3.3 fps)
frame   86 | t=   2.72s | RA= 353.970  DEC= -18.221  ROLL= 121.858  Q=(0.5545,0.1811,-0.7897,0.1903)   (3.7 fps)
frame   87 | t=   2.98s | RA= 353.970  DEC= -18.221  ROLL= 121.858  Q=(0.5545,0.1811,-0.7897,0.1903)   (3.9 fps)
frame   88 | t=   3.21s | RA= 353.970  DEC= -18.221  ROLL= 121.858  Q=(0.5545,0.1811,-0.7897,0.1903)   (4.3 fps)
frame   89 | t=   3.46s | RA= 353.956  DEC= -18.215  ROLL= 122.073  Q=(0.5541,0.1824,-0.7893,0.1914)   (4.0 fps)
frame   90 | t=   3.75s | RA= 353.978  DEC= -18.212  ROLL= 122.107  Q=(0.5541,0.1828,-0.7892,0.1915)   (3.5 fps)
frame   91 | t=   4.06s | RA= 353.978  DEC= -18.212  ROLL= 122.107  Q=(0.5541,0.1828,-0.7892,0.1915)   (3.2 fps)
frame   92 | t=   4.38s | NULL (hold) RA= 353.978  DEC= -18.212  ROLL= 122.107   (3.1 fps)
frame   93 | t=   4.75s | NULL (hold) RA= 353.978  DEC= -18.212  ROLL= 122.107   (2.7 fps)
frame   94 | t=   5.11s | NULL (hold) RA= 353.978  DEC= -18.212  ROLL= 122.107   (2.7 fps)
frame   95 | t=   5.48s | NULL (hold) RA= 353.978  DEC= -18.212  ROLL= 122.107   (2.7 fps)
frame   96 | t=   5.84s | NULL (hold) RA= 353.978  DEC= -18.212  ROLL= 122.107   (2.8 fps)
frame   97 | t=   6.18s | NULL (hold) RA= 353.978  DEC= -18.212  ROLL= 122.107   (2.9 fps)
frame   98 | t=   6.50s | NULL (hold) RA= 353.978  DEC= -18.212  ROLL= 122.107   (3.1 fps)
frame   99 | t=   6.82s | NULL (hold) RA= 353.978  DEC= -18.212  ROLL= 122.107   (3.1 fps)
frame  100 | t=   7.15s | NULL (hold) RA= 353.978  DEC= -18.212  ROLL= 122.107   (3.0 fps)
frame  101 | t=   7.48s | NULL (hold) RA= 353.978  DEC= -18.212  ROLL= 122.107   (3.0 fps)
frame  102 | t=   7.82s | NULL (hold) RA= 353.978  DEC= -18.212  ROLL= 122.107   (2.9 fps)
frame  103 | t=   8.21s | NULL (hold) RA= 353.978  DEC= -18.212  ROLL= 122.107   (2.6 fps)
frame  104 | t=   8.59s | NULL (hold) RA= 353.978  DEC= -18.212  ROLL= 122.107   (2.6 fps)
frame  105 | t=   8.95s | NULL (hold) RA= 353.978  DEC= -18.212  ROLL= 122.107   (2.8 fps)
frame  106 | t=   9.32s | NULL (hold) RA= 353.978  DEC= -18.212  ROLL= 122.107   (2.7 fps)
frame  107 | t=   9.69s | NULL (hold) RA= 353.978  DEC= -18.212  ROLL= 122.107   (2.7 fps)
frame  108 | t=  10.09s | NULL (hold) RA= 353.978  DEC= -18.212  ROLL= 122.107   (2.5 fps)
frame  109 | t=  10.44s | NULL (hold) RA= 353.978  DEC= -18.212  ROLL= 122.107   (2.8 fps)
frame  110 | t=  10.79s | NULL (hold) RA= 353.978  DEC= -18.212  ROLL= 122.107   (2.9 fps)
frame  111 | t=  11.16s | NULL (hold) RA= 353.978  DEC= -18.212  ROLL= 122.107   (2.7 fps)
frame  112 | t=  11.53s | NULL (hold) RA= 353.978  DEC= -18.212  ROLL= 122.107   (2.7 fps)
frame  113 | t=  11.89s | NULL (hold) RA= 353.978  DEC= -18.212  ROLL= 122.107   (2.7 fps)
frame  114 | t=  12.25s | NULL (hold) RA= 353.978  DEC= -18.212  ROLL= 122.107   (2.8 fps)
frame  115 | t=  12.63s | NULL (hold) RA= 353.978  DEC= -18.212  ROLL= 122.107   (2.6 fps)
frame  116 | t=  12.95s | NULL (hold) RA= 353.978  DEC= -18.212  ROLL= 122.107   (3.1 fps)
frame  117 | t=  13.30s | NULL (hold) RA= 353.978  DEC= -18.212  ROLL= 122.107   (2.9 fps)
frame  118 | t=  13.66s | NULL (hold) RA= 353.978  DEC= -18.212  ROLL= 122.107   (2.8 fps)
frame  119 | t=  14.01s | NULL (hold) RA= 353.978  DEC= -18.212  ROLL= 122.107   (2.8 fps)
frame  120 | t=  14.36s | NULL (hold) RA= 353.978  DEC= -18.212  ROLL= 122.107   (2.9 fps)
frame  121 | t=  14.69s | NULL (hold) RA= 353.978  DEC= -18.212  ROLL= 122.107   (3.0 fps)
frame  122 | t=  15.04s | NULL (hold) RA= 353.978  DEC= -18.212  ROLL= 122.107   (2.8 fps)
frame  123 | t=  15.40s | NULL (hold) RA= 353.978  DEC= -18.212  ROLL= 122.107   (2.8 fps)
frame  124 | t=  15.74s | RA= 354.008  DEC= -18.268  ROLL= 121.870  Q=(0.5542,0.1815,-0.7898,0.1901)   (2.9 fps)
frame  125 | t=  16.08s | RA= 354.008  DEC= -18.268  ROLL= 121.870  Q=(0.5542,0.1815,-0.7898,0.1901)   (2.9 fps)
frame  126 | t=  16.43s | NULL (hold) RA= 354.008  DEC= -18.268  ROLL= 121.870   (2.9 fps)
frame  127 | t=  16.80s | NULL (hold) RA= 354.008  DEC= -18.268  ROLL= 121.870   (2.7 fps)
frame  128 | t=  17.15s | NULL (hold) RA= 354.008  DEC= -18.268  ROLL= 121.870   (2.8 fps)
frame  129 | t=  17.48s | NULL (hold) RA= 354.008  DEC= -18.268  ROLL= 121.870   (3.1 fps)
frame  130 | t=  17.82s | NULL (hold) RA= 354.008  DEC= -18.268  ROLL= 121.870   (2.9 fps)
frame  131 | t=  18.17s | NULL (hold) RA= 354.008  DEC= -18.268  ROLL= 121.870   (2.9 fps)
[live] source=C:/Users/PC/OneDrive/Documents/code/Star Tracker/cache/FVIDEO/starstar.mp4 fov=5.628 scale=1.0  (Ctrl+C to stop)
[live] FOV self-calibration from seed 5.628; will lock after 2 agreeing solves
frame    1 | self-calibration found no solve; retrying next frame
frame    2 | self-calibration found no solve; retrying next frame
frame    3 | self-calibration found no solve; retrying next frame
frame    4 | self-calibration found no solve; retrying next frame
frame    5 | self-calibration found no solve; retrying next frame
frame    6 | self-calibration found no solve; retrying next frame
frame    7 | self-calibration found no solve; retrying next frame
frame    8 | self-calibration found no solve; retrying next frame
frame    9 | self-calibration found no solve; retrying next frame
frame   10 | self-calibration found no solve; retrying next frame
frame   11 | self-calibration found no solve; retrying next frame
frame   12 | self-calibration found no solve; retrying next frame
frame   13 | self-calibration found no solve; retrying next frame
frame   14 | self-calibration found no solve; retrying next frame
frame   15 | self-calibration found no solve; retrying next frame
frame   16 | self-calibration found no solve; retrying next frame
frame   17 | self-calibration found no solve; retrying next frame
frame   18 | self-calibration found no solve; retrying next frame
frame   19 | self-calibration found no solve; retrying next frame
frame   20 | self-calibration found no solve; retrying next frame
frame   21 | self-calibration found no solve; retrying next frame
frame   22 | self-calibration found no solve; retrying next frame
frame   23 | self-calibration found no solve; retrying next frame
frame   24 | self-calibration found no solve; retrying next frame
frame   25 | self-calibration found no solve; retrying next frame
frame   26 | self-calibration found no solve; retrying next frame
frame   27 | self-calibration found no solve; retrying next frame
frame   28 | self-calibration found no solve; retrying next frame
frame   29 | self-calibration found no solve; retrying next frame
frame   30 | self-calibration found no solve; retrying next frame
frame   31 | self-calibration found no solve; retrying next frame
frame   32 | self-calibration found no solve; retrying next frame
frame   33 | self-calibration found no solve; retrying next frame
frame   34 | self-calibration found no solve; retrying next frame
frame   35 | self-calibration found no solve; retrying next frame
frame   36 | self-calibration found no solve; retrying next frame
frame   37 | self-calibration found no solve; retrying next frame
frame   38 | self-calibration found no solve; retrying next frame
frame   39 | self-calibration found no solve; retrying next frame
frame   40 | self-calibration found no solve; retrying next frame
frame   41 | self-calibration found no solve; retrying next frame
frame   42 | self-calibration found no solve; retrying next frame
frame   43 | self-calibration found no solve; retrying next frame
frame   44 | self-calibration found no solve; retrying next frame
frame   45 | self-calibration found no solve; retrying next frame
frame   46 | self-calibration found no solve; retrying next frame
frame   47 | self-calibration found no solve; retrying next frame
frame   48 | self-calibration found no solve; retrying next frame
frame   49 | self-calibration found no solve; retrying next frame
frame   50 | self-calibration found no solve; retrying next frame
frame   51 | self-calibration found no solve; retrying next frame
frame   52 | self-calibration found no solve; retrying next frame
frame   53 | self-calibration found no solve; retrying next frame
frame   54 | self-calibration found no solve; retrying next frame
frame   55 | self-calibration found no solve; retrying next frame
frame   56 | self-calibration found no solve; retrying next frame
frame   57 | self-calibration found no solve; retrying next frame
frame   58 | self-calibration found no solve; retrying next frame
frame   59 | self-calibration found no solve; retrying next frame
frame   60 | self-calibration found no solve; retrying next frame
frame   61 | self-calibration found no solve; retrying next frame
frame   62 | self-calibration found no solve; retrying next frame
frame   63 | self-calibration found no solve; retrying next frame
frame   64 | self-calibration found no solve; retrying next frame
frame   65 | self-calibration found no solve; retrying next frame
frame   66 | self-calibration found no solve; retrying next frame
frame   67 | self-calibration found no solve; retrying next frame
frame   68 | self-calibration found no solve; retrying next frame
frame   69 | self-calibration found no solve; retrying next frame
frame   70 | self-calibration found no solve; retrying next frame
frame   71 | self-calibration found no solve; retrying next frame
frame   72 | self-calibration found no solve; retrying next frame
frame   73 | self-calibration found no solve; retrying next frame
frame   74 | calibrating... (1/2 agree)
[live] locked FOV = 14.650 deg (confirmed 2 frames)
frame   75 | t=   0.99s | RA= 353.981  DEC= -18.238  ROLL= 121.766  Q=(0.5545,0.1805,-0.7899,0.1898)   (2.5 fps)
frame   76 | t=   1.47s | RA= 353.992  DEC= -18.232  ROLL= 121.674  Q=(0.5547,0.1800,-0.7900,0.1893)   (2.1 fps)
frame   77 | t=   1.68s | RA= 353.992  DEC= -18.232  ROLL= 121.674  Q=(0.5547,0.1800,-0.7900,0.1893)   (4.8 fps)
frame   78 | t=   1.94s | RA= 353.992  DEC= -18.232  ROLL= 121.674  Q=(0.5547,0.1800,-0.7900,0.1893)   (4.0 fps)
frame   79 | t=   2.19s | RA= 353.992  DEC= -18.232  ROLL= 121.674  Q=(0.5547,0.1800,-0.7900,0.1893)   (3.9 fps)
frame   80 | t=   2.45s | RA= 353.980  DEC= -18.244  ROLL= 121.830  Q=(0.5544,0.1810,-0.7898,0.1901)   (3.8 fps)
frame   81 | t=   2.68s | RA= 353.980  DEC= -18.244  ROLL= 121.830  Q=(0.5544,0.1810,-0.7898,0.1901)   (4.5 fps)
frame   82 | t=   2.91s | RA= 353.992  DEC= -18.232  ROLL= 121.674  Q=(0.5547,0.1800,-0.7900,0.1893)   (4.3 fps)
frame   83 | t=   3.15s | RA= 353.993  DEC= -18.235  ROLL= 121.524  Q=(0.5550,0.1789,-0.7902,0.1886)   (4.1 fps)
frame   84 | t=   3.34s | RA= 353.993  DEC= -18.235  ROLL= 121.524  Q=(0.5550,0.1789,-0.7902,0.1886)   (5.3 fps)
frame   85 | t=   3.53s | RA= 353.993  DEC= -18.235  ROLL= 121.524  Q=(0.5550,0.1789,-0.7902,0.1886)   (5.2 fps)
frame   86 | t=   3.71s | RA= 353.992  DEC= -18.232  ROLL= 121.674  Q=(0.5547,0.1800,-0.7900,0.1893)   (5.6 fps)
frame   87 | t=   3.89s | RA= 353.980  DEC= -18.244  ROLL= 121.830  Q=(0.5544,0.1810,-0.7898,0.1901)   (5.6 fps)
frame   88 | t=   4.11s | RA= 353.980  DEC= -18.244  ROLL= 121.830  Q=(0.5544,0.1810,-0.7898,0.1901)   (4.6 fps)
frame   89 | t=   4.36s | RA= 354.000  DEC= -18.261  ROLL= 121.528  Q=(0.5548,0.1790,-0.7903,0.1885)   (4.0 fps)
frame   90 | t=   4.61s | RA= 353.999  DEC= -18.258  ROLL= 121.673  Q=(0.5546,0.1800,-0.7901,0.1892)   (3.9 fps)
frame   91 | t=   4.85s | RA= 353.999  DEC= -18.258  ROLL= 121.673  Q=(0.5546,0.1800,-0.7901,0.1892)   (4.2 fps)
frame   92 | t=   5.21s | RA= 353.999  DEC= -18.258  ROLL= 121.673  Q=(0.5546,0.1800,-0.7901,0.1892)   (2.8 fps)
frame   93 | t=   5.45s | RA= 353.999  DEC= -18.258  ROLL= 121.673  Q=(0.5546,0.1800,-0.7901,0.1892)   (4.3 fps)
frame   94 | t=   5.73s | RA= 353.997  DEC= -18.254  ROLL= 121.825  Q=(0.5544,0.1811,-0.7898,0.1899)   (3.6 fps)
frame   95 | t=   5.96s | RA= 353.999  DEC= -18.258  ROLL= 121.673  Q=(0.5546,0.1800,-0.7901,0.1892)   (4.3 fps)
frame   96 | t=   6.28s | RA= 353.999  DEC= -18.258  ROLL= 121.673  Q=(0.5546,0.1800,-0.7901,0.1892)   (3.2 fps)
frame   97 | t=   6.65s | RA= 353.976  DEC= -18.232  ROLL= 122.152  Q=(0.5539,0.1831,-0.7892,0.1917)   (2.7 fps)
frame   98 | t=   7.16s | RA= 353.976  DEC= -18.232  ROLL= 122.152  Q=(0.5539,0.1831,-0.7892,0.1917)   (2.0 fps)
frame   99 | t=   7.66s | RA= 353.976  DEC= -18.232  ROLL= 122.152  Q=(0.5539,0.1831,-0.7892,0.1917)   (2.0 fps)
frame  100 | t=   8.21s | RA= 353.976  DEC= -18.232  ROLL= 122.152  Q=(0.5539,0.1831,-0.7892,0.1917)   (1.8 fps)
frame  101 | t=   8.69s | RA= 353.976  DEC= -18.232  ROLL= 122.152  Q=(0.5539,0.1831,-0.7892,0.1917)   (2.1 fps)
frame  102 | t=   9.19s | RA= 353.976  DEC= -18.232  ROLL= 122.152  Q=(0.5539,0.1831,-0.7892,0.1917)   (2.0 fps)
frame  103 | t=   9.73s | RA= 353.976  DEC= -18.232  ROLL= 122.152  Q=(0.5539,0.1831,-0.7892,0.1917)   (1.9 fps)
frame  104 | t=  10.28s | RA= 353.976  DEC= -18.232  ROLL= 122.152  Q=(0.5539,0.1831,-0.7892,0.1917)   (1.8 fps)
frame  105 | t=  10.79s | RA= 353.976  DEC= -18.232  ROLL= 122.152  Q=(0.5539,0.1831,-0.7892,0.1917)   (2.0 fps)
frame  106 | t=  11.33s | RA= 354.010  DEC= -18.264  ROLL= 121.759  Q=(0.5544,0.1807,-0.7900,0.1895)   (1.8 fps)
frame  107 | t=  11.78s | RA= 354.010  DEC= -18.264  ROLL= 121.759  Q=(0.5544,0.1807,-0.7900,0.1895)   (2.2 fps)
frame  108 | t=  12.25s | RA= 354.010  DEC= -18.264  ROLL= 121.759  Q=(0.5544,0.1807,-0.7900,0.1895)   (2.1 fps)
frame  109 | t=  12.69s | RA= 354.010  DEC= -18.264  ROLL= 121.759  Q=(0.5544,0.1807,-0.7900,0.1895)   (2.3 fps)
frame  110 | t=  13.14s | RA= 354.010  DEC= -18.264  ROLL= 121.759  Q=(0.5544,0.1807,-0.7900,0.1895)   (2.2 fps)
frame  111 | t=  13.61s | RA= 354.010  DEC= -18.264  ROLL= 121.759  Q=(0.5544,0.1807,-0.7900,0.1895)   (2.1 fps)
frame  112 | t=  14.03s | RA= 354.010  DEC= -18.264  ROLL= 121.759  Q=(0.5544,0.1807,-0.7900,0.1895)   (2.4 fps)
frame  113 | t=  14.47s | RA= 354.010  DEC= -18.264  ROLL= 121.759  Q=(0.5544,0.1807,-0.7900,0.1895)   (2.3 fps)
frame  114 | t=  14.91s | RA= 354.010  DEC= -18.264  ROLL= 121.759  Q=(0.5544,0.1807,-0.7900,0.1895)   (2.3 fps)
frame  115 | t=  15.37s | RA= 354.010  DEC= -18.264  ROLL= 121.759  Q=(0.5544,0.1807,-0.7900,0.1895)   (2.2 fps)
frame  116 | t=  15.79s | RA= 354.010  DEC= -18.264  ROLL= 121.759  Q=(0.5544,0.1807,-0.7900,0.1895)   (2.3 fps)
frame  117 | t=  16.25s | RA= 354.010  DEC= -18.264  ROLL= 121.759  Q=(0.5544,0.1807,-0.7900,0.1895)   (2.2 fps)
frame  118 | t=  16.70s | RA= 354.010  DEC= -18.264  ROLL= 121.759  Q=(0.5544,0.1807,-0.7900,0.1895)   (2.3 fps)
frame  119 | t=  17.15s | RA= 354.010  DEC= -18.264  ROLL= 121.759  Q=(0.5544,0.1807,-0.7900,0.1895)   (2.2 fps)
frame  120 | t=  17.60s | RA= 354.010  DEC= -18.264  ROLL= 121.759  Q=(0.5544,0.1807,-0.7900,0.1895)   (2.2 fps)
frame  121 | t=  18.11s | RA= 354.027  DEC= -18.274  ROLL= 121.755  Q=(0.5544,0.1808,-0.7900,0.1894)   (2.0 fps)
frame  122 | t=  18.55s | RA= 354.027  DEC= -18.274  ROLL= 121.755  Q=(0.5544,0.1808,-0.7900,0.1894)   (2.3 fps)
frame  123 | t=  19.00s | RA= 354.027  DEC= -18.274  ROLL= 121.755  Q=(0.5544,0.1808,-0.7900,0.1894)   (2.2 fps)
frame  124 | t=  19.44s | RA= 354.027  DEC= -18.274  ROLL= 121.755  Q=(0.5544,0.1808,-0.7900,0.1894)   (2.3 fps)
frame  125 | t=  19.90s | RA= 354.027  DEC= -18.274  ROLL= 121.755  Q=(0.5544,0.1808,-0.7900,0.1894)   (2.2 fps)
frame  126 | t=  20.38s | RA= 354.027  DEC= -18.274  ROLL= 121.755  Q=(0.5544,0.1808,-0.7900,0.1894)   (2.1 fps)
frame  127 | t=  20.83s | RA= 354.027  DEC= -18.274  ROLL= 121.755  Q=(0.5544,0.1808,-0.7900,0.1894)   (2.2 fps)
frame  128 | t=  21.26s | RA= 354.027  DEC= -18.274  ROLL= 121.755  Q=(0.5544,0.1808,-0.7900,0.1894)   (2.3 fps)
frame  129 | t=  21.72s | RA= 354.027  DEC= -18.274  ROLL= 121.755  Q=(0.5544,0.1808,-0.7900,0.1894)   (2.2 fps)
frame  130 | t=  22.22s | RA= 354.027  DEC= -18.274  ROLL= 121.755  Q=(0.5544,0.1808,-0.7900,0.1894)   (2.0 fps)
frame  131 | t=  22.72s | RA= 354.027  DEC= -18.274  ROLL= 121.755  Q=(0.5544,0.1808,-0.7900,0.1894)   (2.0 fps)
frame  132 | t=  23.20s | RA= 354.038  DEC= -18.278  ROLL= 121.589  Q=(0.5546,0.1797,-0.7903,0.1886)   (2.1 fps)
frame  133 | t=  23.67s | RA= 354.038  DEC= -18.278  ROLL= 121.589  Q=(0.5546,0.1797,-0.7903,0.1886)   (2.1 fps)
frame  134 | t=  24.11s | RA= 354.032  DEC= -18.279  ROLL= 121.926  Q=(0.5541,0.1820,-0.7897,0.1902)   (2.3 fps)
frame  135 | t=  24.61s | RA= 354.043  DEC= -18.284  ROLL= 121.751  Q=(0.5544,0.1809,-0.7900,0.1893)   (2.0 fps)
frame  136 | t=  25.07s | RA= 354.043  DEC= -18.284  ROLL= 121.751  Q=(0.5544,0.1809,-0.7900,0.1893)   (2.2 fps)
frame  137 | t=  25.54s | RA= 354.043  DEC= -18.284  ROLL= 121.751  Q=(0.5544,0.1809,-0.7900,0.1893)   (2.1 fps)
frame  138 | t=  26.01s | RA= 354.043  DEC= -18.284  ROLL= 121.751  Q=(0.5544,0.1809,-0.7900,0.1893)   (2.1 fps)
frame  139 | t=  26.45s | RA= 354.043  DEC= -18.284  ROLL= 121.751  Q=(0.5544,0.1809,-0.7900,0.1893)   (2.3 fps)
frame  140 | t=  26.90s | RA= 354.043  DEC= -18.284  ROLL= 121.751  Q=(0.5544,0.1809,-0.7900,0.1893)   (2.2 fps)
frame  141 | t=  27.31s | RA= 354.043  DEC= -18.284  ROLL= 121.751  Q=(0.5544,0.1809,-0.7900,0.1893)   (2.4 fps)
frame  142 | t=  27.73s | RA= 354.043  DEC= -18.284  ROLL= 121.751  Q=(0.5544,0.1809,-0.7900,0.1893)   (2.4 fps)
frame  143 | t=  28.17s | RA= 354.043  DEC= -18.284  ROLL= 121.751  Q=(0.5544,0.1809,-0.7900,0.1893)   (2.3 fps)
frame  144 | t=  28.61s | RA= 354.043  DEC= -18.284  ROLL= 121.751  Q=(0.5544,0.1809,-0.7900,0.1893)   (2.3 fps)
frame  145 | t=  29.04s | RA= 354.043  DEC= -18.284  ROLL= 121.751  Q=(0.5544,0.1809,-0.7900,0.1893)   (2.3 fps)
frame  146 | t=  29.50s | RA= 354.043  DEC= -18.284  ROLL= 121.751  Q=(0.5544,0.1809,-0.7900,0.1893)   (2.2 fps)
frame  147 | t=  29.90s | NULL (hold) RA= 354.043  DEC= -18.284  ROLL= 121.751   (2.5 fps)
frame  148 | t=  30.37s | NULL (hold) RA= 354.043  DEC= -18.284  ROLL= 121.751   (2.1 fps)
frame  149 | t=  30.86s | RA= 354.060  DEC= -18.294  ROLL= 121.747  Q=(0.5543,0.1810,-0.7901,0.1892)   (2.0 fps)
frame  150 | t=  31.30s | RA= 354.060  DEC= -18.294  ROLL= 121.747  Q=(0.5543,0.1810,-0.7901,0.1892)   (2.3 fps)
frame  151 | t=  31.74s | RA= 354.060  DEC= -18.294  ROLL= 121.747  Q=(0.5543,0.1810,-0.7901,0.1892)   (2.3 fps)
frame  152 | t=  32.16s | RA= 354.060  DEC= -18.294  ROLL= 121.747  Q=(0.5543,0.1810,-0.7901,0.1892)   (2.3 fps)
frame  153 | t=  32.53s | RA= 354.060  DEC= -18.294  ROLL= 121.747  Q=(0.5543,0.1810,-0.7901,0.1892)   (2.7 fps)
frame  154 | t=  32.90s | RA= 354.060  DEC= -18.294  ROLL= 121.747  Q=(0.5543,0.1810,-0.7901,0.1892)   (2.7 fps)
frame  155 | t=  33.29s | RA= 354.060  DEC= -18.294  ROLL= 121.747  Q=(0.5543,0.1810,-0.7901,0.1892)   (2.6 fps)
frame  156 | t=  33.68s | RA= 354.060  DEC= -18.294  ROLL= 121.747  Q=(0.5543,0.1810,-0.7901,0.1892)   (2.6 fps)
frame  157 | t=  34.09s | RA= 354.060  DEC= -18.294  ROLL= 121.747  Q=(0.5543,0.1810,-0.7901,0.1892)   (2.4 fps)
frame  158 | t=  34.53s | RA= 354.060  DEC= -18.294  ROLL= 121.747  Q=(0.5543,0.1810,-0.7901,0.1892)   (2.3 fps)
frame  159 | t=  34.90s | RA= 354.033  DEC= -18.288  ROLL= 122.138  Q=(0.5537,0.1835,-0.7894,0.1912)   (2.6 fps)
frame  160 | t=  35.36s | RA= 354.033  DEC= -18.288  ROLL= 122.138  Q=(0.5537,0.1835,-0.7894,0.1912)   (2.2 fps)
frame  161 | t=  35.86s | RA= 354.033  DEC= -18.288  ROLL= 122.138  Q=(0.5537,0.1835,-0.7894,0.1912)   (2.0 fps)
frame  162 | t=  36.33s | RA= 354.033  DEC= -18.288  ROLL= 122.138  Q=(0.5537,0.1835,-0.7894,0.1912)   (2.1 fps)
frame  163 | t=  36.81s | NULL (hold) RA= 354.033  DEC= -18.288  ROLL= 122.138   (2.1 fps)
frame  164 | t=  37.33s | NULL (hold) RA= 354.033  DEC= -18.288  ROLL= 122.138   (1.9 fps)
frame  165 | t=  37.86s | NULL (hold) RA= 354.033  DEC= -18.288  ROLL= 122.138   (1.9 fps)
frame  166 | t=  38.35s | NULL (hold) RA= 354.033  DEC= -18.288  ROLL= 122.138   (2.0 fps)
frame  167 | t=  38.86s | NULL (hold) RA= 354.033  DEC= -18.288  ROLL= 122.138   (2.0 fps)
frame  168 | t=  39.37s | RA= 354.050  DEC= -18.298  ROLL= 122.133  Q=(0.5536,0.1836,-0.7895,0.1911)   (1.9 fps)
frame  169 | t=  39.86s | RA= 354.050  DEC= -18.298  ROLL= 122.133  Q=(0.5536,0.1836,-0.7895,0.1911)   (2.0 fps)
frame  170 | t=  40.36s | RA= 354.050  DEC= -18.298  ROLL= 122.133  Q=(0.5536,0.1836,-0.7895,0.1911)   (2.0 fps)
frame  171 | t=  40.85s | RA= 354.050  DEC= -18.298  ROLL= 122.133  Q=(0.5536,0.1836,-0.7895,0.1911)   (2.0 fps)
frame  172 | t=  41.35s | RA= 354.050  DEC= -18.298  ROLL= 122.133  Q=(0.5536,0.1836,-0.7895,0.1911)   (2.0 fps)
frame  173 | t=  41.82s | RA= 354.050  DEC= -18.298  ROLL= 122.133  Q=(0.5536,0.1836,-0.7895,0.1911)   (2.1 fps)
frame  174 | t=  42.34s | RA= 354.050  DEC= -18.298  ROLL= 122.133  Q=(0.5536,0.1836,-0.7895,0.1911)   (1.9 fps)
frame  175 | t=  42.86s | RA= 354.050  DEC= -18.298  ROLL= 122.133  Q=(0.5536,0.1836,-0.7895,0.1911)   (1.9 fps)
frame  176 | t=  43.40s | RA= 354.050  DEC= -18.298  ROLL= 122.133  Q=(0.5536,0.1836,-0.7895,0.1911)   (1.9 fps)
frame  177 | t=  43.93s | RA= 354.050  DEC= -18.298  ROLL= 122.133  Q=(0.5536,0.1836,-0.7895,0.1911)   (1.9 fps)
frame  178 | t=  44.46s | NULL (hold) RA= 354.050  DEC= -18.298  ROLL= 122.133   (1.9 fps)
frame  179 | t=  44.99s | NULL (hold) RA= 354.050  DEC= -18.298  ROLL= 122.133   (1.9 fps)
frame  180 | t=  45.48s | RA= 354.077  DEC= -18.328  ROLL= 121.853  Q=(0.5539,0.1819,-0.7900,0.1895)   (2.0 fps)
frame  181 | t=  46.00s | RA= 354.056  DEC= -18.324  ROLL= 122.132  Q=(0.5535,0.1837,-0.7896,0.1910)   (1.9 fps)
frame  182 | t=  46.50s | RA= 354.056  DEC= -18.324  ROLL= 122.132  Q=(0.5535,0.1837,-0.7896,0.1910)   (2.0 fps)
frame  183 | t=  46.97s | NULL (hold) RA= 354.056  DEC= -18.324  ROLL= 122.132   (2.1 fps)
frame  184 | t=  47.42s | NULL (hold) RA= 354.056  DEC= -18.324  ROLL= 122.132   (2.2 fps)
frame  185 | t=  47.95s | NULL (hold) RA= 354.056  DEC= -18.324  ROLL= 122.132   (1.9 fps)
frame  186 | t=  48.48s | NULL (hold) RA= 354.056  DEC= -18.324  ROLL= 122.132   (1.9 fps)
frame  187 | t=  48.86s | NULL (hold) RA= 354.056  DEC= -18.324  ROLL= 122.132   (2.6 fps)
frame  188 | t=  49.35s | RA= 354.056  DEC= -18.324  ROLL= 122.132  Q=(0.5535,0.1837,-0.7896,0.1910)   (2.0 fps)
frame  189 | t=  49.80s | RA= 354.056  DEC= -18.324  ROLL= 122.132  Q=(0.5535,0.1837,-0.7896,0.1910)   (2.2 fps)
frame  190 | t=  50.26s | RA= 354.056  DEC= -18.324  ROLL= 122.132  Q=(0.5535,0.1837,-0.7896,0.1910)   (2.2 fps)
frame  191 | t=  50.71s | NULL (hold) RA= 354.056  DEC= -18.324  ROLL= 122.132   (2.2 fps)
frame  192 | t=  51.16s | NULL (hold) RA= 354.056  DEC= -18.324  ROLL= 122.132   (2.2 fps)
frame  193 | t=  51.66s | NULL (hold) RA= 354.056  DEC= -18.324  ROLL= 122.132   (2.0 fps)
frame  194 | t=  52.17s | NULL (hold) RA= 354.056  DEC= -18.324  ROLL= 122.132   (2.0 fps)
frame  195 | t=  52.62s | RA= 354.073  DEC= -18.334  ROLL= 122.128  Q=(0.5534,0.1838,-0.7896,0.1909)   (2.2 fps)
frame  196 | t=  53.10s | RA= 354.073  DEC= -18.334  ROLL= 122.128  Q=(0.5534,0.1838,-0.7896,0.1909)   (2.1 fps)
frame  197 | t=  53.60s | RA= 354.073  DEC= -18.334  ROLL= 122.128  Q=(0.5534,0.1838,-0.7896,0.1909)   (2.0 fps)
frame  198 | t=  54.08s | RA= 354.073  DEC= -18.334  ROLL= 122.128  Q=(0.5534,0.1838,-0.7896,0.1909)   (2.1 fps)
frame  199 | t=  54.53s | RA= 354.073  DEC= -18.334  ROLL= 122.128  Q=(0.5534,0.1838,-0.7896,0.1909)   (2.2 fps)
frame  200 | t=  54.98s | RA= 354.073  DEC= -18.334  ROLL= 122.128  Q=(0.5534,0.1838,-0.7896,0.1909)   (2.2 fps)
frame  201 | t=  55.43s | RA= 354.101  DEC= -18.339  ROLL= 121.739  Q=(0.5541,0.1813,-0.7902,0.1888)   (2.2 fps)
frame  202 | t=  55.82s | RA= 354.101  DEC= -18.339  ROLL= 121.739  Q=(0.5541,0.1813,-0.7902,0.1888)   (2.5 fps)
frame  203 | t=  56.24s | RA= 354.073  DEC= -18.334  ROLL= 122.128  Q=(0.5534,0.1838,-0.7896,0.1909)   (2.4 fps)
frame  204 | t=  56.71s | RA= 354.073  DEC= -18.334  ROLL= 122.128  Q=(0.5534,0.1838,-0.7896,0.1909)   (2.1 fps)
frame  205 | t=  57.20s | RA= 354.073  DEC= -18.334  ROLL= 122.128  Q=(0.5534,0.1838,-0.7896,0.1909)   (2.1 fps)
frame  206 | t=  57.67s | NULL (hold) RA= 354.073  DEC= -18.334  ROLL= 122.128   (2.1 fps)
frame  207 | t=  58.16s | NULL (hold) RA= 354.073  DEC= -18.334  ROLL= 122.128   (2.1 fps)
frame  208 | t=  58.66s | NULL (hold) RA= 354.073  DEC= -18.334  ROLL= 122.128   (2.0 fps)
frame  209 | t=  59.19s | NULL (hold) RA= 354.073  DEC= -18.334  ROLL= 122.128   (1.9 fps)
frame  210 | t=  59.71s | NULL (hold) RA= 354.073  DEC= -18.334  ROLL= 122.128   (1.9 fps)
frame  211 | t=  60.21s | RA= 354.090  DEC= -18.344  ROLL= 122.123  Q=(0.5534,0.1839,-0.7897,0.1907)   (2.0 fps)
frame  212 | t=  60.69s | RA= 354.090  DEC= -18.344  ROLL= 122.123  Q=(0.5534,0.1839,-0.7897,0.1907)   (2.1 fps)
frame  213 | t=  61.18s | RA= 354.118  DEC= -18.349  ROLL= 121.735  Q=(0.5541,0.1814,-0.7903,0.1887)   (2.0 fps)
frame  214 | t=  61.64s | RA= 354.118  DEC= -18.349  ROLL= 121.735  Q=(0.5541,0.1814,-0.7903,0.1887)   (2.2 fps)
frame  215 | t=  62.10s | RA= 354.118  DEC= -18.349  ROLL= 121.735  Q=(0.5541,0.1814,-0.7903,0.1887)   (2.2 fps)
frame  216 | t=  62.56s | RA= 354.118  DEC= -18.349  ROLL= 121.735  Q=(0.5541,0.1814,-0.7903,0.1887)   (2.2 fps)
frame  217 | t=  63.02s | RA= 354.118  DEC= -18.349  ROLL= 121.735  Q=(0.5541,0.1814,-0.7903,0.1887)   (2.1 fps)
frame  218 | t=  63.48s | RA= 354.090  DEC= -18.344  ROLL= 122.123  Q=(0.5534,0.1839,-0.7897,0.1907)   (2.2 fps)
frame  219 | t=  63.98s | RA= 354.090  DEC= -18.344  ROLL= 122.123  Q=(0.5534,0.1839,-0.7897,0.1907)   (2.0 fps)
frame  220 | t=  64.47s | RA= 354.077  DEC= -18.349  ROLL= 122.520  Q=(0.5527,0.1865,-0.7891,0.1927)   (2.1 fps)
frame  221 | t=  64.95s | RA= 354.077  DEC= -18.349  ROLL= 122.520  Q=(0.5527,0.1865,-0.7891,0.1927)   (2.1 fps)
frame  222 | t=  65.41s | RA= 354.077  DEC= -18.349  ROLL= 122.520  Q=(0.5527,0.1865,-0.7891,0.1927)   (2.2 fps)
frame  223 | t=  65.89s | RA= 354.077  DEC= -18.349  ROLL= 122.520  Q=(0.5527,0.1865,-0.7891,0.1927)   (2.1 fps)
frame  224 | t=  66.35s | RA= 354.077  DEC= -18.349  ROLL= 122.520  Q=(0.5527,0.1865,-0.7891,0.1927)   (2.2 fps)
frame  225 | t=  66.82s | RA= 354.077  DEC= -18.349  ROLL= 122.520  Q=(0.5527,0.1865,-0.7891,0.1927)   (2.2 fps)
frame  226 | t=  67.27s | RA= 354.107  DEC= -18.354  ROLL= 122.119  Q=(0.5534,0.1840,-0.7897,0.1906)   (2.2 fps)
frame  227 | t=  67.71s | RA= 354.107  DEC= -18.354  ROLL= 122.119  Q=(0.5534,0.1840,-0.7897,0.1906)   (2.3 fps)
frame  228 | t=  68.16s | RA= 354.107  DEC= -18.354  ROLL= 122.119  Q=(0.5534,0.1840,-0.7897,0.1906)   (2.2 fps)
frame  229 | t=  68.66s | RA= 354.107  DEC= -18.354  ROLL= 122.119  Q=(0.5534,0.1840,-0.7897,0.1906)   (2.0 fps)
frame  230 | t=  69.15s | RA= 354.107  DEC= -18.354  ROLL= 122.119  Q=(0.5534,0.1840,-0.7897,0.1906)   (2.1 fps)
frame  231 | t=  69.64s | RA= 354.107  DEC= -18.354  ROLL= 122.119  Q=(0.5534,0.1840,-0.7897,0.1906)   (2.0 fps)
frame  232 | t=  70.15s | RA= 354.107  DEC= -18.354  ROLL= 122.119  Q=(0.5534,0.1840,-0.7897,0.1906)   (1.9 fps)
frame  233 | t=  70.67s | RA= 354.107  DEC= -18.354  ROLL= 122.119  Q=(0.5534,0.1840,-0.7897,0.1906)   (1.9 fps)
frame  234 | t=  71.18s | RA= 354.107  DEC= -18.354  ROLL= 122.119  Q=(0.5534,0.1840,-0.7897,0.1906)   (1.9 fps)
frame  235 | t=  71.67s | RA= 354.094  DEC= -18.359  ROLL= 122.515  Q=(0.5527,0.1866,-0.7891,0.1926)   (2.0 fps)
frame  236 | t=  72.18s | RA= 354.094  DEC= -18.359  ROLL= 122.515  Q=(0.5527,0.1866,-0.7891,0.1926)   (2.0 fps)
frame  237 | t=  72.64s | RA= 354.094  DEC= -18.359  ROLL= 122.515  Q=(0.5527,0.1866,-0.7891,0.1926)   (2.2 fps)
frame  238 | t=  73.13s | RA= 354.094  DEC= -18.359  ROLL= 122.515  Q=(0.5527,0.1866,-0.7891,0.1926)   (2.0 fps)
frame  239 | t=  73.62s | RA= 354.094  DEC= -18.359  ROLL= 122.515  Q=(0.5527,0.1866,-0.7891,0.1926)   (2.0 fps)
frame  240 | t=  74.12s | RA= 354.123  DEC= -18.364  ROLL= 122.114  Q=(0.5533,0.1840,-0.7897,0.1905)   (2.0 fps)
frame  241 | t=  74.63s | RA= 354.123  DEC= -18.364  ROLL= 122.114  Q=(0.5533,0.1840,-0.7897,0.1905)   (2.0 fps)
frame  242 | t=  75.10s | RA= 354.123  DEC= -18.364  ROLL= 122.114  Q=(0.5533,0.1840,-0.7897,0.1905)   (2.1 fps)
frame  243 | t=  75.57s | RA= 354.123  DEC= -18.364  ROLL= 122.114  Q=(0.5533,0.1840,-0.7897,0.1905)   (2.1 fps)
frame  244 | t=  76.04s | RA= 354.123  DEC= -18.364  ROLL= 122.114  Q=(0.5533,0.1840,-0.7897,0.1905)   (2.1 fps)
frame  245 | t=  76.52s | RA= 354.123  DEC= -18.364  ROLL= 122.114  Q=(0.5533,0.1840,-0.7897,0.1905)   (2.1 fps)
frame  246 | t=  77.00s | RA= 354.123  DEC= -18.364  ROLL= 122.114  Q=(0.5533,0.1840,-0.7897,0.1905)   (2.1 fps)
frame  247 | t=  77.48s | RA= 354.123  DEC= -18.364  ROLL= 122.114  Q=(0.5533,0.1840,-0.7897,0.1905)   (2.1 fps)
frame  248 | t=  77.99s | RA= 354.123  DEC= -18.364  ROLL= 122.114  Q=(0.5533,0.1840,-0.7897,0.1905)   (2.0 fps)
frame  249 | t=  78.46s | RA= 354.123  DEC= -18.364  ROLL= 122.114  Q=(0.5533,0.1840,-0.7897,0.1905)   (2.1 fps)
frame  250 | t=  78.93s | NULL (hold) RA= 354.123  DEC= -18.364  ROLL= 122.114   (2.2 fps)
frame  251 | t=  79.42s | NULL (hold) RA= 354.123  DEC= -18.364  ROLL= 122.114   (2.0 fps)
frame  252 | t=  79.94s | NULL (hold) RA= 354.123  DEC= -18.364  ROLL= 122.114   (1.9 fps)

[live] stopped
